------------------------------------------------------------------------------------------------------------------------

[2020-02-20 10:25:53 #1 store] 
Database 'C:\Users\yarac\Documents\INFOR\Yara Workspace\2Marron2\RuralHouses.odb' has been recovered (tr. 9-10)

[2020-02-20 10:25:53 #2 store] 
Database 'C:\Users\yarac\Documents\INFOR\Yara Workspace\2Marron2\RuralHouses.odb' is opened by 3044@DESKTOP-POGLDPN

[2020-02-20 10:25:53 #3 store] 
Configuration path: ?

[2020-02-20 10:25:53 #4 type] 
Type domain.Offer is not enhanced.

[2020-02-20 10:25:53 #5 type] 
Type domain.RuralHouse is not enhanced.

------------------------------------------------------------------------------------------------------------------------

[2020-02-20 10:27:36 #1 store] 
Database 'C:\Users\yarac\Documents\INFOR\Yara Workspace\2Marron2\RuralHouses.odb' has been recovered (tr. 13-15)

[2020-02-20 10:27:36 #2 store] 
Database 'C:\Users\yarac\Documents\INFOR\Yara Workspace\2Marron2\RuralHouses.odb' is opened by 8008@DESKTOP-POGLDPN

[2020-02-20 10:27:36 #3 store] 
Configuration path: ?

[2020-02-20 10:27:36 #4 type] 
Type domain.Offer is not enhanced.

[2020-02-20 10:27:36 #5 type] 
Type domain.RuralHouse is not enhanced.

