------------------------------------------------------------------------------------------------------------------------

[2020-02-21 09:43:59 #1 store] 
Database 'C:\Users\yarac\Documents\INFOR\Yara Workspace\2Marron2\RuralHouses.odb' has been recovered (tr. 18-19)

[2020-02-21 09:43:59 #2 store] 
Database 'C:\Users\yarac\Documents\INFOR\Yara Workspace\2Marron2\RuralHouses.odb' is opened by 14956@DESKTOP-POGLDPN

[2020-02-21 09:43:59 #3 store] 
Configuration path: ?

[2020-02-21 09:43:59 #4 type] 
Type domain.Offer is not enhanced.

[2020-02-21 09:43:59 #5 type] 
Type domain.RuralHouse is not enhanced.

------------------------------------------------------------------------------------------------------------------------

[2020-02-21 09:44:49 #1 store] 
Database 'C:\Users\yarac\Documents\INFOR\Yara Workspace\2Marron2\RuralHouses.odb' has been recovered (tr. 22-25)

[2020-02-21 09:44:49 #2 store] 
Database 'C:\Users\yarac\Documents\INFOR\Yara Workspace\2Marron2\RuralHouses.odb' is opened by 11412@DESKTOP-POGLDPN

[2020-02-21 09:44:49 #3 store] 
Configuration path: ?

[2020-02-21 09:44:49 #4 type] 
Type domain.Offer is not enhanced.

[2020-02-21 09:44:49 #5 type] 
Type domain.RuralHouse is not enhanced.

------------------------------------------------------------------------------------------------------------------------

[2020-02-21 09:44:57 #1 store] 
Database 'C:\Users\yarac\Documents\INFOR\Yara Workspace\2Marron2\RuralHouses.odb' has been recovered (tr. 28-29)

[2020-02-21 09:44:57 #2 store] 
Database 'C:\Users\yarac\Documents\INFOR\Yara Workspace\2Marron2\RuralHouses.odb' is opened by 8544@DESKTOP-POGLDPN

[2020-02-21 09:44:57 #3 store] 
Configuration path: ?

[2020-02-21 09:44:57 #4 type] 
Type domain.Offer is not enhanced.

[2020-02-21 09:44:57 #5 type] 
Type domain.RuralHouse is not enhanced.

------------------------------------------------------------------------------------------------------------------------

[2020-02-21 09:45:07 #1 store] 
Database 'C:\Users\yarac\Documents\INFOR\Yara Workspace\2Marron2\RuralHouses.odb' has been recovered (tr. 30-31)

[2020-02-21 09:45:07 #2 store] 
Database 'C:\Users\yarac\Documents\INFOR\Yara Workspace\2Marron2\RuralHouses.odb' is opened by 2040@DESKTOP-POGLDPN

[2020-02-21 09:45:07 #3 store] 
Configuration path: ?

[2020-02-21 09:45:07 #4 type] 
Type domain.Offer is not enhanced.

[2020-02-21 09:45:07 #5 type] 
Type domain.RuralHouse is not enhanced.

------------------------------------------------------------------------------------------------------------------------

[2020-02-21 09:45:21 #1 store] 
Database 'C:\Users\yarac\Documents\INFOR\Yara Workspace\2Marron2\RuralHouses.odb' is opened by 13296@DESKTOP-POGLDPN

[2020-02-21 09:45:21 #2 store] 
Configuration path: ?

[2020-02-21 09:45:21 #3 type] 
Type domain.Offer is not enhanced.

[2020-02-21 09:45:21 #4 type] 
Type domain.RuralHouse is not enhanced.

------------------------------------------------------------------------------------------------------------------------

[2020-02-21 09:54:42 #1 store] 
Database 'C:\Users\yarac\Documents\INFOR\Yara Workspace\2Marron2\RuralHouses.odb' has been recovered (tr. 34-35)

[2020-02-21 09:54:42 #2 store] 
Database 'C:\Users\yarac\Documents\INFOR\Yara Workspace\2Marron2\RuralHouses.odb' is opened by 13836@DESKTOP-POGLDPN

[2020-02-21 09:54:42 #3 store] 
Configuration path: ?

[2020-02-21 09:54:42 #4 type] 
Type domain.Offer is not enhanced.

[2020-02-21 09:54:42 #5 type] 
Type domain.RuralHouse is not enhanced.

------------------------------------------------------------------------------------------------------------------------

[2020-02-21 09:55:46 #1 store] 
Database 'C:\Users\yarac\Documents\INFOR\Yara Workspace\2Marron2\RuralHouses.odb' has been recovered (tr. 38-41)

[2020-02-21 09:55:47 #2 store] 
Database 'C:\Users\yarac\Documents\INFOR\Yara Workspace\2Marron2\RuralHouses.odb' is opened by 13904@DESKTOP-POGLDPN

[2020-02-21 09:55:47 #3 store] 
Configuration path: ?

[2020-02-21 09:55:47 #4 type] 
Type domain.Offer is not enhanced.

[2020-02-21 09:55:47 #5 type] 
Type domain.RuralHouse is not enhanced.

------------------------------------------------------------------------------------------------------------------------

[2020-02-21 09:55:54 #1 store] 
Database 'C:\Users\yarac\Documents\INFOR\Yara Workspace\2Marron2\RuralHouses.odb' is opened by 11624@DESKTOP-POGLDPN

[2020-02-21 09:55:54 #2 store] 
Configuration path: ?

[2020-02-21 09:55:54 #3 type] 
Type domain.Offer is not enhanced.

[2020-02-21 09:55:54 #4 type] 
Type domain.RuralHouse is not enhanced.

------------------------------------------------------------------------------------------------------------------------

[2020-02-21 09:56:11 #1 store] 
Database 'C:\Users\yarac\Documents\INFOR\Yara Workspace\2Marron2\RuralHouses.odb' has been recovered (tr. 44-45)

[2020-02-21 09:56:11 #2 store] 
Database 'C:\Users\yarac\Documents\INFOR\Yara Workspace\2Marron2\RuralHouses.odb' is opened by 14316@DESKTOP-POGLDPN

[2020-02-21 09:56:11 #3 store] 
Configuration path: ?

[2020-02-21 09:56:11 #4 type] 
Type domain.Offer is not enhanced.

[2020-02-21 09:56:11 #5 type] 
Type domain.RuralHouse is not enhanced.

------------------------------------------------------------------------------------------------------------------------

[2020-02-21 09:56:20 #1 store] 
Database 'C:\Users\yarac\Documents\INFOR\Yara Workspace\2Marron2\RuralHouses.odb' has been recovered (tr. 46-47)

[2020-02-21 09:56:20 #2 store] 
Database 'C:\Users\yarac\Documents\INFOR\Yara Workspace\2Marron2\RuralHouses.odb' is opened by 15152@DESKTOP-POGLDPN

[2020-02-21 09:56:20 #3 store] 
Configuration path: ?

[2020-02-21 09:56:21 #4 type] 
Type domain.Offer is not enhanced.

[2020-02-21 09:56:21 #5 type] 
Type domain.RuralHouse is not enhanced.

------------------------------------------------------------------------------------------------------------------------

[2020-02-21 09:56:32 #1 store] 
Database 'C:\Users\yarac\Documents\INFOR\Yara Workspace\2Marron2\RuralHouses.odb' is opened by 11724@DESKTOP-POGLDPN

[2020-02-21 09:56:32 #2 store] 
Configuration path: ?

[2020-02-21 09:56:32 #3 type] 
Type domain.Offer is not enhanced.

[2020-02-21 09:56:32 #4 type] 
Type domain.RuralHouse is not enhanced.

