------------------------------------------------------------------------------------------------------------------------

[2020-02-22 16:00:29 #1 store] 
Database 'D:\Documents\INFOR\Workspace\2Marron2\RuralHouses.odb' has been recovered (tr. 50-51)

[2020-02-22 16:00:29 #2 store] 
Database 'D:\Documents\INFOR\Workspace\2Marron2\RuralHouses.odb' is opened by 17148@PCcito

[2020-02-22 16:00:29 #3 store] 
Configuration path: ?

[2020-02-22 16:00:29 #4 type] 
Type domain.Offer is not enhanced.

[2020-02-22 16:00:29 #5 type] 
Type domain.RuralHouse is not enhanced.

------------------------------------------------------------------------------------------------------------------------

[2020-02-22 20:19:44 #1 store] 
Database 'D:\Documents\INFOR\Workspace\2Marron2\RuralHouses.odb' has been recovered (tr. 52-52)

[2020-02-22 20:19:45 #2 store] 
Database 'D:\Documents\INFOR\Workspace\2Marron2\RuralHouses.odb' is opened by 17272@PCcito

[2020-02-22 20:19:45 #3 store] 
Configuration path: ?

[2020-02-22 20:19:45 #4 type] 
Type domain.Offer is not enhanced.

[2020-02-22 20:19:45 #5 type] 
Type domain.RuralHouse is not enhanced.

------------------------------------------------------------------------------------------------------------------------

[2020-02-22 20:20:11 #1 store] 
Database 'D:\Documents\INFOR\Workspace\2Marron2\RuralHouses.odb' has been recovered (tr. 53-53)

[2020-02-22 20:20:11 #2 store] 
Database 'D:\Documents\INFOR\Workspace\2Marron2\RuralHouses.odb' is opened by 7376@PCcito

[2020-02-22 20:20:11 #3 store] 
Configuration path: ?

[2020-02-22 20:20:11 #4 type] 
Type domain.Offer is not enhanced.

[2020-02-22 20:20:11 #5 type] 
Type domain.RuralHouse is not enhanced.

------------------------------------------------------------------------------------------------------------------------

[2020-02-22 20:20:20 #1 store] 
Database 'D:\Documents\INFOR\Workspace\2Marron2\RuralHouses.odb' has been recovered (tr. 56-59)

[2020-02-22 20:20:20 #2 store] 
Database 'D:\Documents\INFOR\Workspace\2Marron2\RuralHouses.odb' is opened by 6868@PCcito

[2020-02-22 20:20:20 #3 store] 
Configuration path: ?

[2020-02-22 20:20:20 #4 type] 
Type domain.Offer is not enhanced.

[2020-02-22 20:20:20 #5 type] 
Type domain.RuralHouse is not enhanced.

------------------------------------------------------------------------------------------------------------------------

[2020-02-22 20:23:08 #1 store] 
Database 'D:\Documents\INFOR\Workspace\2Marron\RuralHouses.odb' has been recovered (tr. 62-63)

[2020-02-22 20:23:08 #2 store] 
Database 'D:\Documents\INFOR\Workspace\2Marron\RuralHouses.odb' is opened by 4904@PCcito

[2020-02-22 20:23:08 #3 store] 
Configuration path: ?

[2020-02-22 20:23:08 #4 type] 
Type domain.Offer is not enhanced.

[2020-02-22 20:23:09 #5 type] 
Type domain.RuralHouse is not enhanced.

------------------------------------------------------------------------------------------------------------------------

[2020-02-22 20:23:24 #1 store] 
Database 'D:\Documents\INFOR\Workspace\2Marron\RuralHouses.odb' has been recovered (tr. 66-67)

[2020-02-22 20:23:24 #2 store] 
Database 'D:\Documents\INFOR\Workspace\2Marron\RuralHouses.odb' is opened by 4012@PCcito

[2020-02-22 20:23:24 #3 store] 
Configuration path: ?

[2020-02-22 20:23:24 #4 type] 
Type domain.Offer is not enhanced.

[2020-02-22 20:23:24 #5 type] 
Type domain.RuralHouse is not enhanced.

